<?xml version="1.0" encoding="UTF-8"?>
<testng-results skipped="0" failed="0" ignored="0" total="2" passed="2">
  <reporter-output>
  </reporter-output>
  <suite name="Default suite" duration-ms="62785" started-at="2021-05-01T08:51:14Z" finished-at="2021-05-01T08:52:17Z">
    <groups>
    </groups>
    <test name="Default test" duration-ms="62785" started-at="2021-05-01T08:51:14Z" finished-at="2021-05-01T08:52:17Z">
      <class name="com.test.exe.GetDiseaseSummery">
        <test-method status="PASS" signature="tc0()[pri:0, instance:com.test.exe.GetDiseaseSummery@77cd7a0]" name="tc0" is-config="true" duration-ms="11581" started-at="2021-05-01T08:51:14Z" finished-at="2021-05-01T08:51:26Z">
          <reporter-output>
          </reporter-output>
        </test-method> <!-- tc0 -->
        <test-method status="PASS" signature="tc1()[pri:0, instance:com.test.exe.GetDiseaseSummery@77cd7a0]" name="tc1" duration-ms="36394" started-at="2021-05-01T08:51:26Z" finished-at="2021-05-01T08:52:02Z">
          <reporter-output>
          </reporter-output>
        </test-method> <!-- tc1 -->
        <test-method status="PASS" signature="tc0()[pri:0, instance:com.test.exe.GetDiseaseSummery@77cd7a0]" name="tc0" is-config="true" duration-ms="9104" started-at="2021-05-01T08:52:02Z" finished-at="2021-05-01T08:52:11Z">
          <reporter-output>
          </reporter-output>
        </test-method> <!-- tc0 -->
        <test-method status="PASS" signature="tc2()[pri:0, instance:com.test.exe.GetDiseaseSummery@77cd7a0]" name="tc2" duration-ms="5652" started-at="2021-05-01T08:52:11Z" finished-at="2021-05-01T08:52:17Z">
          <reporter-output>
          </reporter-output>
        </test-method> <!-- tc2 -->
      </class> <!-- com.test.exe.GetDiseaseSummery -->
    </test> <!-- Default test -->
  </suite> <!-- Default suite -->
</testng-results>
